0 verbose cli /Users/lolttyn/.nvm/versions/node/v20.19.6/bin/node /Users/lolttyn/.nvm/versions/node/v20.19.6/bin/npm
1 info using npm@10.8.2
2 info using node@v20.19.6
3 silly config load:file:/Users/lolttyn/.nvm/versions/node/v20.19.6/lib/node_modules/npm/npmrc
4 silly config load:file:/Users/lolttyn/Desktop/cloudia/.npmrc
5 silly config load:file:/Users/lolttyn/.nvm/versions/node/v20.19.6/etc/npmrc
6 verbose title npm install
7 verbose argv "install"
8 verbose logfile logs-max:10 dir:/Users/lolttyn/Desktop/cloudia/.npm-cache/_logs/2025-12-17T20_42_57_472Z-
9 verbose logfile /Users/lolttyn/Desktop/cloudia/.npm-cache/_logs/2025-12-17T20_42_57_472Z-debug-0.log
10 silly logfile done cleaning log files
11 verbose stack Error: EPERM: operation not permitted, open '/Users/lolttyn/.nvm/versions/node/v20.19.6/lib/node_modules/npm/node_modules/@sigstore/verify/dist/key/index.js'
11 verbose stack     at Object.readFileSync (node:fs:449:20)
11 verbose stack     at loadSource (node:internal/modules/cjs/loader:1548:17)
11 verbose stack     at Module._extensions..js (node:internal/modules/cjs/loader:1617:44)
11 verbose stack     at Module.load (node:internal/modules/cjs/loader:1266:32)
11 verbose stack     at Module._load (node:internal/modules/cjs/loader:1091:12)
11 verbose stack     at Module.require (node:internal/modules/cjs/loader:1289:19)
11 verbose stack     at require (node:internal/modules/helpers:182:18)
11 verbose stack     at Object.<anonymous> (/Users/lolttyn/.nvm/versions/node/v20.19.6/lib/node_modules/npm/node_modules/@sigstore/verify/dist/verifier.js:21:15)
11 verbose stack     at Module._compile (node:internal/modules/cjs/loader:1521:14)
11 verbose stack     at Module._extensions..js (node:internal/modules/cjs/loader:1623:10)
12 error code EPERM
13 error syscall open
14 error path /Users/lolttyn/.nvm/versions/node/v20.19.6/lib/node_modules/npm/node_modules/@sigstore/verify/dist/key/index.js
15 error errno -1
16 error Error: EPERM: operation not permitted, open '/Users/lolttyn/.nvm/versions/node/v20.19.6/lib/node_modules/npm/node_modules/@sigstore/verify/dist/key/index.js'
16 error     at Object.readFileSync (node:fs:449:20)
16 error     at loadSource (node:internal/modules/cjs/loader:1548:17)
16 error     at Module._extensions..js (node:internal/modules/cjs/loader:1617:44)
16 error     at Module.load (node:internal/modules/cjs/loader:1266:32)
16 error     at Module._load (node:internal/modules/cjs/loader:1091:12)
16 error     at Module.require (node:internal/modules/cjs/loader:1289:19)
16 error     at require (node:internal/modules/helpers:182:18)
16 error     at Object.<anonymous> (/Users/lolttyn/.nvm/versions/node/v20.19.6/lib/node_modules/npm/node_modules/@sigstore/verify/dist/verifier.js:21:15)
16 error     at Module._compile (node:internal/modules/cjs/loader:1521:14)
16 error     at Module._extensions..js (node:internal/modules/cjs/loader:1623:10) {
16 error   errno: -1,
16 error   code: 'EPERM',
16 error   syscall: 'open',
16 error   path: '/Users/lolttyn/.nvm/versions/node/v20.19.6/lib/node_modules/npm/node_modules/@sigstore/verify/dist/key/index.js'
16 error }
17 error
17 error The operation was rejected by your operating system.
17 error It is likely you do not have the permissions to access this file as the current user
17 error
17 error If you believe this might be a permissions issue, please double-check the
17 error permissions of the file and its containing directories, or try running
17 error the command again as root/Administrator.
18 verbose cwd /Users/lolttyn/Desktop/cloudia
19 verbose os Darwin 24.6.0
20 verbose node v20.19.6
21 verbose npm  v10.8.2
22 verbose exit -1
23 verbose code -1
24 error A complete log of this run can be found in: /Users/lolttyn/Desktop/cloudia/.npm-cache/_logs/2025-12-17T20_42_57_472Z-debug-0.log
